[2021-06-20 12:32:43] START
[2021-06-20 12:35:50] CREATE blog.py: 0
[2021-06-20 12:36:26] EDIT w2p_metablog/controllers/blog.py: 40
[2021-06-20 12:36:43] CREATE home.py: 0
[2021-06-20 12:36:59] EDIT w2p_metablog/controllers/home.py: 14
[2021-06-20 12:37:12] CREATE resource.py: 0
[2021-06-20 12:37:50] EDIT w2p_metablog/controllers/resource.py: 119
[2021-06-20 12:38:01] CREATE users.py: 0
[2021-06-20 12:38:20] EDIT w2p_metablog/controllers/users.py: 93
[2021-06-20 12:39:01] CREATE contact_form.py: 0
[2021-06-20 12:39:16] EDIT w2p_metablog/controllers/contact_form.py: 39
[2021-06-20 12:39:33] CREATE files_list.py: 0
[2021-06-20 12:39:57] EDIT w2p_metablog/controllers/files_list.py: 7
[2021-06-20 12:40:23] CREATE show_code.py: 0
[2021-06-20 12:40:40] EDIT w2p_metablog/controllers/show_code.py: 51
[2021-06-20 12:41:26] EDIT w2p_metablog/models/db.py: 22
[2021-06-20 12:41:29] EDIT w2p_metablog/controllers/show_code.py: 0
[2021-06-20 12:41:52] CREATE tables.py: 0
[2021-06-20 12:42:23] EDIT w2p_metablog/models/tables.py: 68
[2021-06-20 12:42:44] EDIT w2p_metablog/models/tables.py: 0
[2021-06-20 12:43:14] CREATE blog_helpers.py: 0
[2021-06-20 12:43:35] EDIT w2p_metablog/modules/blog_helpers.py: 7
[2021-06-20 12:44:30] CREATE css/custom.css: 0
[2021-06-20 12:44:38] EDIT w2p_metablog/modules/blog_helpers.py: 0
[2021-06-20 12:44:49] EDIT w2p_metablog/static/css/custom.css: 219
[2021-06-20 12:46:07] CREATE blog/archive.html: 0
[2021-06-20 12:46:26] EDIT w2p_metablog/views/blog/archive.html: 13
[2021-06-20 12:46:47] CREATE blog/category.html: 0
[2021-06-20 12:47:12] EDIT w2p_metablog/views/blog/category.html: 13
[2021-06-20 12:47:31] EDIT w2p_metablog/views/blog/category.html: 0
[2021-06-20 12:48:05] CREATE blog/tag.html: 0
[2021-06-20 12:48:24] EDIT w2p_metablog/views/blog/tag.html: 13
[2021-06-20 12:48:59] CREATE contact_form/contact_form.load: 0
[2021-06-20 12:49:09] EDIT w2p_metablog/views/blog/tag.html: 0
[2021-06-20 12:49:35] EDIT w2p_metablog/views/contact_form/contact_form.load: -12
[2021-06-20 12:49:55] EDIT w2p_metablog/views/contact_form/contact_form.load: 0
[2021-06-20 12:50:35] CREATE files_list/files_list.load: 0
[2021-06-20 12:50:55] EDIT w2p_metablog/views/files_list/files_list.load: -10
[2021-06-20 12:51:25] CREATE home/index.html: 0
[2021-06-20 12:51:46] EDIT w2p_metablog/views/home/index.html: 52
[2021-06-20 12:52:37] CREATE resource/article.html: 0
[2021-06-20 12:52:42] EDIT w2p_metablog/views/home/index.html: 0
[2021-06-20 12:53:19] EDIT w2p_metablog/views/resource/article.html: 81
[2021-06-20 12:54:23] CREATE resource/nested_reply_form.html: 0
[2021-06-20 12:54:40] EDIT w2p_metablog/views/resource/nested_reply_form.html: 31
[2021-06-20 12:55:30] CREATE resource/reply_form.load: 0
[2021-06-20 12:55:48] EDIT w2p_metablog/views/resource/reply_form.load: 197
[2021-06-20 12:55:58] DELETE w2p_metablog/views/resource/nested_reply_form.html: -34
[2021-06-20 12:56:24] CREATE resource/nested_reply_form.load: 0
[2021-06-20 12:56:42] EDIT w2p_metablog/views/resource/nested_reply_form.load: 14
[2021-06-20 12:57:12] CREATE show_code/read.html: 0
[2021-06-20 12:57:29] EDIT w2p_metablog/views/show_code/read.html: 14
[2021-06-20 12:58:58] CREATE users/account.html: 0
[2021-06-20 12:59:14] EDIT w2p_metablog/views/users/account.html: 22
[2021-06-20 12:59:35] CREATE users/confirm_delete_article.html: 0
[2021-06-20 12:59:58] EDIT w2p_metablog/views/users/confirm_delete_article.html: 17
[2021-06-20 13:00:18] CREATE users/create_article.html: 0
[2021-06-20 13:00:35] EDIT w2p_metablog/views/users/create_article.html: 8
[2021-06-20 13:01:06] CREATE users/update_article.html: 0
[2021-06-20 13:01:23] EDIT w2p_metablog/views/users/update_article.html: 12
[2021-06-20 13:01:41] CREATE users/user.html: 0
[2021-06-20 13:02:00] EDIT w2p_metablog/views/users/user.html: 35
[2021-06-20 13:03:40] CREATE article_card_short.html: 0
[2021-06-20 13:04:00] EDIT w2p_metablog/views/article_card_short.html: 22
[2021-06-20 13:04:40] EDIT w2p_metablog/views/article_card_short.html: 0
[2021-06-20 13:04:51] CREATE base.html: 0
[2021-06-20 13:05:12] EDIT w2p_metablog/views/base.html: 78
[2021-06-20 13:05:34] CREATE nested_reply.html: 0
[2021-06-20 13:05:50] EDIT w2p_metablog/views/nested_reply.html: 13
[2021-06-20 13:06:06] CREATE reply.html: 0
[2021-06-20 13:06:21] EDIT w2p_metablog/views/reply.html: 24
[2021-06-20 13:07:01] EDIT w2p_metablog/views/reply.html: 0
[2021-06-20 13:40:40] EDIT w2p_metablog/controllers/default.py: -41
[2021-06-20 13:41:25] EDIT w2p_metablog/controllers/default.py: 0
[2021-06-20 13:41:41] EDIT w2p_metablog/views/default/index.html: 1
[2021-06-20 13:41:59] EDIT w2p_metablog/views/default/user.html: 1
[2021-06-20 13:42:55] EDIT w2p_metablog/views/generic.csv: 1
[2021-06-20 13:43:42] EDIT w2p_metablog/views/generic.csv: -1
[2021-06-22 21:55:11] EDIT w2p_metablog/static/css/custom.css: 0
[2021-06-22 21:58:03] EDIT w2p_metablog/static/css/custom.css: 0
[2021-06-22 21:59:51] EDIT w2p_metablog/static/css/custom.css: 1
[2021-06-22 22:02:12] EDIT w2p_metablog/static/css/custom.css: 1
[2021-06-22 22:47:27] EDIT w2p_metablog/controllers/files_list.py: 1
[2021-06-22 22:49:00] EDIT w2p_metablog/controllers/files_list.py: 0
[2021-06-22 22:52:29] EDIT w2p_metablog/controllers/show_code.py: 0
[2021-06-22 22:54:00] EDIT w2p_metablog/controllers/show_code.py: 0
[2021-06-22 22:54:14] EDIT w2p_metablog/controllers/files_list.py: 0
[2021-06-22 23:29:55] EDIT w2p_metablog/controllers/contact_form.py: 0
[2021-06-22 23:30:21] EDIT w2p_metablog/controllers/contact_form.py: 0
[2021-06-22 23:31:10] EDIT w2p_metablog/controllers/contact_form.py: 0
[2021-06-22 23:31:34] EDIT w2p_metablog/models/db.py: 0
[2021-06-22 23:34:41] EDIT w2p_metablog/controllers/resource.py: 0
[2021-06-22 23:38:02] EDIT w2p_metablog/controllers/resource.py: 0
[2021-06-23 01:21:19] EDIT w2p_metablog/views/resource/nested_reply_form.load: 0
[2021-06-23 01:23:54] CREATE login_to_comment.html: 0
[2021-06-23 01:26:16] EDIT w2p_metablog/views/login_to_comment.html: 14
[2021-06-23 01:26:36] EDIT w2p_metablog/views/resource/nested_reply_form.load: 0
[2021-06-23 01:27:05] EDIT w2p_metablog/views/resource/nested_reply_form.load: 1
[2021-06-23 01:27:23] EDIT w2p_metablog/views/resource/nested_reply_form.load: -15
[2021-06-23 01:27:51] EDIT w2p_metablog/views/resource/nested_reply_form.load: 0
[2021-06-23 01:28:46] EDIT w2p_metablog/views/login_to_comment.html: 0
[2021-06-23 01:29:12] EDIT w2p_metablog/views/login_to_comment.html: 0
[2021-06-23 01:29:46] EDIT w2p_metablog/views/login_to_comment.html: 0
[2021-06-23 01:29:57] EDIT w2p_metablog/views/resource/nested_reply_form.load: 0
[2021-06-23 01:38:15] EDIT w2p_metablog/views/login_to_comment.html: 0
[2021-06-23 01:38:56] EDIT w2p_metablog/views/resource/reply_form.load: -14
[2021-06-23 01:39:13] EDIT w2p_metablog/views/login_to_comment.html: 0
[2021-06-23 01:40:23] EDIT w2p_metablog/views/resource/reply_form.load: 14
[2021-06-23 01:42:02] EDIT w2p_metablog/views/resource/reply_form.load: 0
[2021-06-23 01:43:13] EDIT w2p_metablog/views/resource/nested_reply_form.load: 14
[2021-06-23 01:44:37] EDIT w2p_metablog/views/resource/nested_reply_form.load: 0
[2021-06-23 01:45:27] EDIT w2p_metablog/views/resource/nested_reply_form.load: 0
[2021-06-23 01:46:24] EDIT w2p_metablog/views/resource/nested_reply_form.load: 0
[2021-06-23 01:46:27] EDIT w2p_metablog/views/resource/reply_form.load: 0
[2021-06-23 01:46:42] DELETE w2p_metablog/views/login_to_comment.html: -17
[2021-06-23 03:14:47] EDIT w2p_metablog/views/show_code/read.html: 1
[2021-06-23 03:15:01] EDIT w2p_metablog/views/show_code/read.html: 0
[2021-06-23 03:17:12] EDIT w2p_metablog/views/base.html: 0
[2021-06-23 03:18:59] EDIT w2p_metablog/views/base.html: 0
[2021-06-23 03:22:48] EDIT w2p_metablog/views/base.html: 0
[2021-06-23 03:23:16] EDIT w2p_metablog/views/base.html: 0
[2021-06-23 03:53:24] EDIT w2p_metablog/views/home/index.html: 0
[2021-06-23 04:02:38] EDIT w2p_metablog/views/home/index.html: 0
[2021-06-23 04:02:48] EDIT w2p_metablog/views/home/index.html: 0
[2021-06-23 04:03:22] EDIT w2p_metablog/views/home/index.html: 1
[2021-06-23 04:04:05] EDIT w2p_metablog/views/home/index.html: 0
[2021-06-23 04:05:12] EDIT w2p_metablog/views/home/index.html: 0
[2021-06-23 17:38:09] EDIT w2p_metablog/views/base.html: 0
[2021-06-23 17:38:40] EDIT w2p_metablog/views/base.html: 0
[2021-06-23 17:40:08] EDIT w2p_metablog/views/home/index.html: 0
[2021-06-23 17:41:52] EDIT w2p_metablog/views/home/index.html: 0
[2021-06-23 17:43:05] EDIT w2p_metablog/views/home/index.html: -2
[2021-06-23 17:44:36] EDIT w2p_metablog/views/home/index.html: 0
[2021-06-23 17:45:04] EDIT w2p_metablog/views/home/index.html: 0
[2021-06-23 18:28:39] EDIT w2p_metablog/views/base.html: 0
[2021-06-23 18:29:52] EDIT w2p_metablog/views/base.html: 0
[2021-06-23 18:30:50] EDIT w2p_metablog/views/base.html: 0
[2021-06-23 18:31:11] EDIT w2p_metablog/views/base.html: 0
[2021-06-23 18:31:34] EDIT w2p_metablog/views/base.html: 0
[2021-06-23 18:31:59] EDIT w2p_metablog/views/base.html: 0
[2021-06-23 18:39:37] EDIT w2p_metablog/static/css/custom.css: -8
[2021-06-23 18:41:22] EDIT w2p_metablog/views/contact_form/contact_form.load: -1
[2021-06-23 20:47:41] EDIT w2p_metablog/controllers/home.py: 2
[2021-06-23 20:48:07] CREATE home/legalities.html: 0
[2021-06-23 20:48:47] EDIT w2p_metablog/views/home/legalities.html: 3
[2021-06-23 20:51:41] EDIT w2p_metablog/views/home/legalities.html: 9
[2021-06-23 20:52:22] EDIT w2p_metablog/views/home/legalities.html: 6
[2021-06-23 20:53:14] EDIT w2p_metablog/views/home/legalities.html: 0
[2021-06-23 20:53:35] EDIT w2p_metablog/views/home/legalities.html: 0
[2021-06-23 20:55:15] EDIT w2p_metablog/views/home/legalities.html: 4
[2021-06-23 20:56:36] EDIT w2p_metablog/controllers/show_code.py: 1
[2021-06-23 20:57:43] EDIT w2p_metablog/controllers/show_code.py: 0
[2021-06-23 20:58:18] EDIT w2p_metablog/views/home/legalities.html: 0
[2021-06-23 21:01:49] EDIT w2p_metablog/views/home/legalities.html: 0
[2021-06-23 21:02:50] EDIT w2p_metablog/controllers/show_code.py: 0
[2021-06-23 21:03:58] EDIT w2p_metablog/views/home/legalities.html: 0
[2021-06-23 21:07:06] EDIT w2p_metablog/views/home/legalities.html: 0
[2021-06-23 21:08:15] EDIT w2p_metablog/views/home/legalities.html: 0
[2021-06-23 21:11:17] EDIT w2p_metablog/controllers/show_code.py: 0
[2021-06-23 21:12:53] EDIT w2p_metablog/static/css/custom.css: 0
[2021-06-23 21:14:34] EDIT w2p_metablog/static/css/custom.css: 0
[2021-06-23 21:16:49] EDIT w2p_metablog/static/css/custom.css: 0
[2021-06-23 21:19:43] EDIT w2p_metablog/views/home/legalities.html: 1
[2021-06-23 21:20:31] EDIT w2p_metablog/views/home/legalities.html: 1
[2021-06-23 21:23:50] EDIT w2p_metablog/views/base.html: 1
[2021-06-23 21:24:28] EDIT w2p_metablog/views/base.html: 0
[2021-06-23 21:25:04] EDIT w2p_metablog/views/base.html: 0
[2021-06-23 21:25:41] EDIT w2p_metablog/views/base.html: 0
[2021-06-23 21:26:59] EDIT w2p_metablog/views/base.html: 0
[2021-06-23 21:28:26] EDIT w2p_metablog/views/home/legalities.html: 1
[2021-06-23 21:29:25] EDIT w2p_metablog/views/base.html: 0
[2021-06-23 21:29:45] EDIT w2p_metablog/views/base.html: 0
[2021-06-23 21:31:10] EDIT w2p_metablog/views/home/legalities.html: 0
[2021-06-23 21:37:02] EDIT w2p_metablog/controllers/blog.py: 0
